1779784807886:hello
1779784882975:hello world
1779784897452:hello arnav
1779785030677:hello
1779785097573:hello test
1779786519393:tasks-add "water the plants" "please water the plants every 2 hours"
1779786695630:tasks-add "water plants" "Every 2 hours"
1779786696332:;
1779786711249:tasks-add "water plants" "Every 2 hours"
1779791725858:tasks-add
1779791741079:hello
1779792980650:tasks-add "water plants" "Every 2 hours"
1780387717555:tasks-add "latest" "complete project"
1780387770214:task help
1780393952715:help tasks-add
1780636670368:tasks-add "delete task" ""
1780636700863:tasks-delete "delete task"
1780755951794:task-delete "delete task"
1780755979362:tasks-delete "delete task"
1780917250989:tasks add "delete task" "please remove this"
1780917261757:tasks delete "delete task"
1780917273165:tasks add "delete task" "please remove this"
1780917284683:asks delete "delete task"
1780917289679:tasks delete "delete task"
1780932875756:tasks add --description "Water the plants" --createdAt "12:30" --updatedAt "12:30"
1780936795582:tasks add --description "water the plants" --createdAt "12:30" --updatedAt "12:30"
1780936893073:tasks add --description "water the plants" --createdAt "adfd" --updatedAt "asfas"
1780938453334:if (tasksNode == null || !tasksNode.isArray() || tasksNode.size() == 0) {
1780938463285:tasks add --description "water the plants" --createdAt "adfd" --updatedAt "asfas"
